2026-03-20 00:03:04.934 [main] INFO  c.e.g.GamelibraryApplication - Starting GamelibraryApplication using Java 21.0.10 with PID 80020 (/home/rottesy/Programming/java/GameLibrary/target/classes started by rottesy in /home/rottesy/Programming/java/GameLibrary)
2026-03-20 00:03:04.940 [main] DEBUG c.e.g.GamelibraryApplication - Running with Spring Boot v3.5.10, Spring v6.2.15
2026-03-20 00:03:04.940 [main] INFO  c.e.g.GamelibraryApplication - No active profile set, falling back to 1 default profile: "default"
2026-03-20 00:03:05.305 [main] INFO  o.s.d.r.c.RepositoryConfigurationDelegate - Bootstrapping Spring Data JPA repositories in DEFAULT mode.
2026-03-20 00:03:05.346 [main] INFO  o.s.d.r.c.RepositoryConfigurationDelegate - Finished Spring Data repository scanning in 37 ms. Found 7 JPA repository interfaces.
2026-03-20 00:03:05.650 [main] INFO  o.s.b.w.e.tomcat.TomcatWebServer - Tomcat initialized with port 8080 (http)
2026-03-20 00:03:05.656 [main] INFO  o.a.coyote.http11.Http11NioProtocol - Initializing ProtocolHandler ["http-nio-8080"]
2026-03-20 00:03:05.657 [main] INFO  o.a.catalina.core.StandardService - Starting service [Tomcat]
2026-03-20 00:03:05.657 [main] INFO  o.a.catalina.core.StandardEngine - Starting Servlet engine: [Apache Tomcat/10.1.50]
2026-03-20 00:03:05.679 [main] INFO  o.a.c.c.C.[Tomcat].[localhost].[/] - Initializing Spring embedded WebApplicationContext
2026-03-20 00:03:05.679 [main] INFO  o.s.b.w.s.c.ServletWebServerApplicationContext - Root WebApplicationContext: initialization completed in 719 ms
2026-03-20 00:03:05.924 [main] INFO  o.s.o.j.p.SpringPersistenceUnitInfo - No LoadTimeWeaver setup: ignoring JPA class transformer
2026-03-20 00:03:05.937 [main] INFO  com.zaxxer.hikari.HikariDataSource - HikariPool-1 - Starting...
2026-03-20 00:03:06.011 [main] INFO  com.zaxxer.hikari.pool.HikariPool - HikariPool-1 - Added connection org.postgresql.jdbc.PgConnection@11309dd4
2026-03-20 00:03:06.012 [main] INFO  com.zaxxer.hikari.HikariDataSource - HikariPool-1 - Start completed.
2026-03-20 00:03:06.588 [main] INFO  o.s.o.j.LocalContainerEntityManagerFactoryBean - Initialized JPA EntityManagerFactory for persistence unit 'default'
2026-03-20 00:03:06.753 [main] INFO  o.s.d.j.r.query.QueryEnhancerFactory - Hibernate is in classpath; If applicable, HQL parser will be used.
2026-03-20 00:03:07.651 [main] INFO  o.a.coyote.http11.Http11NioProtocol - Starting ProtocolHandler ["http-nio-8080"]
2026-03-20 00:03:07.658 [main] INFO  o.s.b.w.e.tomcat.TomcatWebServer - Tomcat started on port 8080 (http) with context path '/'
2026-03-20 00:03:07.663 [main] INFO  c.e.g.GamelibraryApplication - Started GamelibraryApplication in 2.975 seconds (process running for 3.114)
2026-03-20 00:03:31.740 [http-nio-8080-exec-2] INFO  o.a.c.c.C.[Tomcat].[localhost].[/] - Initializing Spring DispatcherServlet 'dispatcherServlet'
2026-03-20 00:03:31.740 [http-nio-8080-exec-2] INFO  o.s.web.servlet.DispatcherServlet - Initializing Servlet 'dispatcherServlet'
2026-03-20 00:03:31.741 [http-nio-8080-exec-2] INFO  o.s.web.servlet.DispatcherServlet - Completed initialization in 1 ms
2026-03-20 00:03:31.838 [http-nio-8080-exec-2] WARN  c.e.g.e.GlobalExceptionHandler - Validation failed for /api/users: {username=must not be blank}
2026-03-20 00:03:40.094 [http-nio-8080-exec-4] DEBUG c.e.g.aop.ServiceLoggingAspect - Executing UserServiceImpl.create with args [com.example.gamelibrary.model.dto.request.UserRequest@4b2f734d]
2026-03-20 00:03:40.120 [http-nio-8080-exec-4] DEBUG org.hibernate.SQL - 
    insert 
    into
        users
        (email, username) 
    values
        (?, ?)
2026-03-20 00:03:40.136 [http-nio-8080-exec-4] DEBUG c.e.g.aop.ServiceLoggingAspect - Method UserServiceImpl.create completed in 41 ms
2026-03-20 00:05:08.385 [SpringApplicationShutdownHook] INFO  o.s.b.w.e.tomcat.GracefulShutdown - Commencing graceful shutdown. Waiting for active requests to complete
2026-03-20 00:05:08.888 [tomcat-shutdown] INFO  o.s.b.w.e.tomcat.GracefulShutdown - Graceful shutdown complete
2026-03-20 00:05:08.891 [SpringApplicationShutdownHook] INFO  o.s.o.j.LocalContainerEntityManagerFactoryBean - Closing JPA EntityManagerFactory for persistence unit 'default'
2026-03-20 00:05:08.893 [SpringApplicationShutdownHook] INFO  com.zaxxer.hikari.HikariDataSource - HikariPool-1 - Shutdown initiated...
2026-03-20 00:05:08.894 [SpringApplicationShutdownHook] INFO  com.zaxxer.hikari.HikariDataSource - HikariPool-1 - Shutdown completed.
